INFO: [VRFC 10-2263] Analyzing Verilog file "A:/Masters_VT/Lab/Hicks/Fast_adder_4/Fast_adder_4.sim/sim_1/impl/timing/xsim/top_tb_time_impl.v" into library xil_defaultlib
INFO: [VRFC 10-311] analyzing module RAM32M_UNIQ_BASE_
INFO: [VRFC 10-311] analyzing module RAM32M_HD116
INFO: [VRFC 10-311] analyzing module RAM32M_HD117
INFO: [VRFC 10-311] analyzing module RAM32M_HD118
INFO: [VRFC 10-311] analyzing module RAM32M_HD119
INFO: [VRFC 10-311] analyzing module RAM32M_HD120
INFO: [VRFC 10-311] analyzing module clk_x_pntrs
INFO: [VRFC 10-311] analyzing module clk_x_pntrs_7
INFO: [VRFC 10-311] analyzing module dbg_hub
INFO: [VRFC 10-311] analyzing module dmem
INFO: [VRFC 10-311] analyzing module dmem_13
INFO: [VRFC 10-311] analyzing module fifo_generator_ramfifo
INFO: [VRFC 10-311] analyzing module fifo_generator_ramfifo__parameterized0
INFO: [VRFC 10-311] analyzing module fifo_generator_top
INFO: [VRFC 10-311] analyzing module fifo_generator_top__parameterized0
INFO: [VRFC 10-311] analyzing module fifo_generator_v13_1_5
INFO: [VRFC 10-311] analyzing module fifo_generator_v13_1_5__parameterized0
INFO: [VRFC 10-311] analyzing module fifo_generator_v13_1_5_synth
INFO: [VRFC 10-311] analyzing module fifo_generator_v13_1_5_synth__parameterized0
INFO: [VRFC 10-311] analyzing module ltlib_v1_0_1_bscan
INFO: [VRFC 10-311] analyzing module ltlib_v1_0_1_generic_mux
INFO: [VRFC 10-311] analyzing module memory
INFO: [VRFC 10-311] analyzing module memory__parameterized0
INFO: [VRFC 10-311] analyzing module rd_bin_cntr
INFO: [VRFC 10-311] analyzing module rd_bin_cntr_18
INFO: [VRFC 10-311] analyzing module rd_fwft
INFO: [VRFC 10-311] analyzing module rd_handshaking_flags
INFO: [VRFC 10-311] analyzing module rd_handshaking_flags__parameterized0
INFO: [VRFC 10-311] analyzing module rd_logic
INFO: [VRFC 10-311] analyzing module rd_logic__parameterized0
INFO: [VRFC 10-311] analyzing module rd_status_flags_as
INFO: [VRFC 10-311] analyzing module rd_status_flags_as_17
INFO: [VRFC 10-311] analyzing module reset_blk_ramfifo
INFO: [VRFC 10-311] analyzing module reset_blk_ramfifo_8
INFO: [VRFC 10-311] analyzing module synchronizer_ff
INFO: [VRFC 10-311] analyzing module synchronizer_ff_1
INFO: [VRFC 10-311] analyzing module synchronizer_ff_10
INFO: [VRFC 10-311] analyzing module synchronizer_ff_11
INFO: [VRFC 10-311] analyzing module synchronizer_ff_12
INFO: [VRFC 10-311] analyzing module synchronizer_ff_2
INFO: [VRFC 10-311] analyzing module synchronizer_ff_3
INFO: [VRFC 10-311] analyzing module synchronizer_ff_9
INFO: [VRFC 10-311] analyzing module synchronizer_ff__parameterized0
INFO: [VRFC 10-311] analyzing module synchronizer_ff__parameterized0_19
INFO: [VRFC 10-311] analyzing module synchronizer_ff__parameterized0_20
INFO: [VRFC 10-311] analyzing module synchronizer_ff__parameterized0_21
INFO: [VRFC 10-311] analyzing module synchronizer_ff__parameterized0_22
INFO: [VRFC 10-311] analyzing module synchronizer_ff__parameterized0_4
INFO: [VRFC 10-311] analyzing module synchronizer_ff__parameterized0_5
INFO: [VRFC 10-311] analyzing module synchronizer_ff__parameterized0_6
INFO: [VRFC 10-311] analyzing module wr_bin_cntr
INFO: [VRFC 10-311] analyzing module wr_bin_cntr_16
INFO: [VRFC 10-311] analyzing module wr_handshaking_flags
INFO: [VRFC 10-311] analyzing module wr_handshaking_flags_15
INFO: [VRFC 10-311] analyzing module wr_logic
INFO: [VRFC 10-311] analyzing module wr_logic__parameterized0
INFO: [VRFC 10-311] analyzing module wr_status_flags_as
INFO: [VRFC 10-311] analyzing module wr_status_flags_as_14
INFO: [VRFC 10-311] analyzing module xsdbm_v3_0_0_addr_ctl
INFO: [VRFC 10-311] analyzing module xsdbm_v3_0_0_bscan_switch
INFO: [VRFC 10-311] analyzing module xsdbm_v3_0_0_burst_wdlen_ctl
INFO: [VRFC 10-311] analyzing module xsdbm_v3_0_0_bus_ctl
INFO: [VRFC 10-311] analyzing module xsdbm_v3_0_0_bus_ctl_cnt
INFO: [VRFC 10-311] analyzing module xsdbm_v3_0_0_bus_ctl_flg
INFO: [VRFC 10-311] analyzing module xsdbm_v3_0_0_bus_ctl_flg__parameterized0
INFO: [VRFC 10-311] analyzing module xsdbm_v3_0_0_bus_mstr2sl_if
INFO: [VRFC 10-311] analyzing module xsdbm_v3_0_0_cmd_decode
INFO: [VRFC 10-311] analyzing module xsdbm_v3_0_0_ctl_reg
INFO: [VRFC 10-311] analyzing module xsdbm_v3_0_0_ctl_reg__parameterized0
INFO: [VRFC 10-311] analyzing module xsdbm_v3_0_0_ctl_reg__parameterized1
INFO: [VRFC 10-311] analyzing module xsdbm_v3_0_0_ctl_reg__parameterized2
INFO: [VRFC 10-311] analyzing module xsdbm_v3_0_0_icon
INFO: [VRFC 10-311] analyzing module xsdbm_v3_0_0_icon2xsdb
INFO: [VRFC 10-311] analyzing module xsdbm_v3_0_0_if
INFO: [VRFC 10-311] analyzing module xsdbm_v3_0_0_if_static_status
INFO: [VRFC 10-311] analyzing module xsdbm_v3_0_0_rdfifo
INFO: [VRFC 10-311] analyzing module xsdbm_v3_0_0_rdreg
INFO: [VRFC 10-311] analyzing module xsdbm_v3_0_0_stat
INFO: [VRFC 10-311] analyzing module xsdbm_v3_0_0_stat_reg
INFO: [VRFC 10-311] analyzing module xsdbm_v3_0_0_stat_reg__parameterized0
INFO: [VRFC 10-311] analyzing module xsdbm_v3_0_0_stat_reg__parameterized0_0
INFO: [VRFC 10-311] analyzing module xsdbm_v3_0_0_sync
INFO: [VRFC 10-311] analyzing module xsdbm_v3_0_0_wrfifo
INFO: [VRFC 10-311] analyzing module xsdbm_v3_0_0_wrreg
INFO: [VRFC 10-311] analyzing module xsdbm_v3_0_0_xsdbm
INFO: [VRFC 10-311] analyzing module xsdbm_v3_0_0_xsdbm_id
INFO: [VRFC 10-311] analyzing module clocks
INFO: [VRFC 10-311] analyzing module debouncer
INFO: [VRFC 10-311] analyzing module debouncer__1
INFO: [VRFC 10-311] analyzing module ila_0
INFO: [VRFC 10-311] analyzing module propchain
INFO: [VRFC 10-311] analyzing module top
INFO: [VRFC 10-311] analyzing module CFGLUT5_UNIQ_BASE_
INFO: [VRFC 10-311] analyzing module CFGLUT5_HD100
INFO: [VRFC 10-311] analyzing module CFGLUT5_HD101
INFO: [VRFC 10-311] analyzing module CFGLUT5_HD102
INFO: [VRFC 10-311] analyzing module CFGLUT5_HD103
INFO: [VRFC 10-311] analyzing module CFGLUT5_HD104
INFO: [VRFC 10-311] analyzing module CFGLUT5_HD105
INFO: [VRFC 10-311] analyzing module CFGLUT5_HD106
INFO: [VRFC 10-311] analyzing module CFGLUT5_HD107
INFO: [VRFC 10-311] analyzing module CFGLUT5_HD108
INFO: [VRFC 10-311] analyzing module CFGLUT5_HD109
INFO: [VRFC 10-311] analyzing module CFGLUT5_HD110
INFO: [VRFC 10-311] analyzing module CFGLUT5_HD111
INFO: [VRFC 10-311] analyzing module CFGLUT5_HD112
INFO: [VRFC 10-311] analyzing module CFGLUT5_HD113
INFO: [VRFC 10-311] analyzing module CFGLUT5_HD114
INFO: [VRFC 10-311] analyzing module CFGLUT5_HD115
INFO: [VRFC 10-311] analyzing module CFGLUT5_HD61
INFO: [VRFC 10-311] analyzing module CFGLUT5_HD62
INFO: [VRFC 10-311] analyzing module CFGLUT5_HD63
INFO: [VRFC 10-311] analyzing module CFGLUT5_HD64
INFO: [VRFC 10-311] analyzing module CFGLUT5_HD65
INFO: [VRFC 10-311] analyzing module CFGLUT5_HD66
INFO: [VRFC 10-311] analyzing module CFGLUT5_HD67
INFO: [VRFC 10-311] analyzing module CFGLUT5_HD68
INFO: [VRFC 10-311] analyzing module CFGLUT5_HD69
INFO: [VRFC 10-311] analyzing module CFGLUT5_HD70
INFO: [VRFC 10-311] analyzing module CFGLUT5_HD71
INFO: [VRFC 10-311] analyzing module CFGLUT5_HD72
INFO: [VRFC 10-311] analyzing module CFGLUT5_HD73
INFO: [VRFC 10-311] analyzing module CFGLUT5_HD74
INFO: [VRFC 10-311] analyzing module CFGLUT5_HD75
INFO: [VRFC 10-311] analyzing module CFGLUT5_HD76
INFO: [VRFC 10-311] analyzing module CFGLUT5_HD77
INFO: [VRFC 10-311] analyzing module CFGLUT5_HD78
INFO: [VRFC 10-311] analyzing module CFGLUT5_HD79
INFO: [VRFC 10-311] analyzing module CFGLUT5_HD80
INFO: [VRFC 10-311] analyzing module CFGLUT5_HD81
INFO: [VRFC 10-311] analyzing module CFGLUT5_HD82
INFO: [VRFC 10-311] analyzing module CFGLUT5_HD83
INFO: [VRFC 10-311] analyzing module CFGLUT5_HD84
INFO: [VRFC 10-311] analyzing module CFGLUT5_HD85
INFO: [VRFC 10-311] analyzing module CFGLUT5_HD86
INFO: [VRFC 10-311] analyzing module CFGLUT5_HD87
INFO: [VRFC 10-311] analyzing module CFGLUT5_HD88
INFO: [VRFC 10-311] analyzing module CFGLUT5_HD89
INFO: [VRFC 10-311] analyzing module CFGLUT5_HD90
INFO: [VRFC 10-311] analyzing module CFGLUT5_HD91
INFO: [VRFC 10-311] analyzing module CFGLUT5_HD92
INFO: [VRFC 10-311] analyzing module CFGLUT5_HD93
INFO: [VRFC 10-311] analyzing module CFGLUT5_HD94
INFO: [VRFC 10-311] analyzing module CFGLUT5_HD95
INFO: [VRFC 10-311] analyzing module CFGLUT5_HD96
INFO: [VRFC 10-311] analyzing module CFGLUT5_HD97
INFO: [VRFC 10-311] analyzing module CFGLUT5_HD98
INFO: [VRFC 10-311] analyzing module CFGLUT5_HD99
INFO: [VRFC 10-311] analyzing module ila_0_ila_v6_2_14_ila
INFO: [VRFC 10-311] analyzing module ila_0_ila_v6_2_14_ila_cap_addrgen
INFO: [VRFC 10-311] analyzing module ila_0_ila_v6_2_14_ila_cap_ctrl_legacy
INFO: [VRFC 10-311] analyzing module ila_0_ila_v6_2_14_ila_cap_sample_counter
INFO: [VRFC 10-311] analyzing module ila_0_ila_v6_2_14_ila_cap_window_counter
INFO: [VRFC 10-311] analyzing module ila_0_ila_v6_2_14_ila_core
INFO: [VRFC 10-311] analyzing module ila_0_ila_v6_2_14_ila_register
INFO: [VRFC 10-311] analyzing module ila_0_ila_v6_2_14_ila_reset_ctrl
INFO: [VRFC 10-311] analyzing module ila_0_ila_v6_2_14_ila_trace_memory
INFO: [VRFC 10-311] analyzing module ila_0_ila_v6_2_14_ila_trig_match
INFO: [VRFC 10-311] analyzing module ila_0_ila_v6_2_14_ila_trigger
INFO: [VRFC 10-311] analyzing module ila_0_ltlib_v1_0_1_all_typeA
INFO: [VRFC 10-311] analyzing module ila_0_ltlib_v1_0_1_all_typeA_11
INFO: [VRFC 10-311] analyzing module ila_0_ltlib_v1_0_1_all_typeA_6
INFO: [VRFC 10-311] analyzing module ila_0_ltlib_v1_0_1_all_typeA_8
INFO: [VRFC 10-311] analyzing module ila_0_ltlib_v1_0_1_all_typeA__parameterized0
INFO: [VRFC 10-311] analyzing module ila_0_ltlib_v1_0_1_all_typeA__parameterized0_1
INFO: [VRFC 10-311] analyzing module ila_0_ltlib_v1_0_1_all_typeA__parameterized1
INFO: [VRFC 10-311] analyzing module ila_0_ltlib_v1_0_1_all_typeA__parameterized1_31
INFO: [VRFC 10-311] analyzing module ila_0_ltlib_v1_0_1_all_typeA__parameterized1_35
INFO: [VRFC 10-311] analyzing module ila_0_ltlib_v1_0_1_all_typeA_slice
INFO: [VRFC 10-311] analyzing module ila_0_ltlib_v1_0_1_all_typeA_slice_12
INFO: [VRFC 10-311] analyzing module ila_0_ltlib_v1_0_1_all_typeA_slice_3
INFO: [VRFC 10-311] analyzing module ila_0_ltlib_v1_0_1_all_typeA_slice_4
INFO: [VRFC 10-311] analyzing module ila_0_ltlib_v1_0_1_all_typeA_slice_7
INFO: [VRFC 10-311] analyzing module ila_0_ltlib_v1_0_1_all_typeA_slice_9
INFO: [VRFC 10-311] analyzing module ila_0_ltlib_v1_0_1_all_typeA_slice__parameterized0
INFO: [VRFC 10-311] analyzing module ila_0_ltlib_v1_0_1_all_typeA_slice__parameterized0_2
INFO: [VRFC 10-311] analyzing module ila_0_ltlib_v1_0_1_all_typeA_slice__parameterized1
INFO: [VRFC 10-311] analyzing module ila_0_ltlib_v1_0_1_all_typeA_slice__parameterized1_32
INFO: [VRFC 10-311] analyzing module ila_0_ltlib_v1_0_1_all_typeA_slice__parameterized1_36
INFO: [VRFC 10-311] analyzing module ila_0_ltlib_v1_0_1_all_typeA_slice__parameterized2
INFO: [VRFC 10-311] analyzing module ila_0_ltlib_v1_0_1_all_typeA_slice__parameterized2_33
INFO: [VRFC 10-311] analyzing module ila_0_ltlib_v1_0_1_all_typeA_slice__parameterized2_37
INFO: [VRFC 10-311] analyzing module ila_0_ltlib_v1_0_1_allx_typeA
INFO: [VRFC 10-311] analyzing module ila_0_ltlib_v1_0_1_allx_typeA_10
INFO: [VRFC 10-311] analyzing module ila_0_ltlib_v1_0_1_allx_typeA__parameterized0
INFO: [VRFC 10-311] analyzing module ila_0_ltlib_v1_0_1_allx_typeA__parameterized0_5
INFO: [VRFC 10-311] analyzing module ila_0_ltlib_v1_0_1_allx_typeA__parameterized1
INFO: [VRFC 10-311] analyzing module ila_0_ltlib_v1_0_1_allx_typeA__parameterized1_0
INFO: [VRFC 10-311] analyzing module ila_0_ltlib_v1_0_1_allx_typeA_nodelay
INFO: [VRFC 10-311] analyzing module ila_0_ltlib_v1_0_1_allx_typeA_nodelay_30
INFO: [VRFC 10-311] analyzing module ila_0_ltlib_v1_0_1_allx_typeA_nodelay_34
INFO: [VRFC 10-311] analyzing module ila_0_ltlib_v1_0_1_async_edge_xfer
INFO: [VRFC 10-311] analyzing module ila_0_ltlib_v1_0_1_async_edge_xfer__1
INFO: [VRFC 10-311] analyzing module ila_0_ltlib_v1_0_1_async_edge_xfer__2
INFO: [VRFC 10-311] analyzing module ila_0_ltlib_v1_0_1_async_edge_xfer__3
INFO: [VRFC 10-311] analyzing module ila_0_ltlib_v1_0_1_cfglut4
INFO: [VRFC 10-311] analyzing module ila_0_ltlib_v1_0_1_cfglut4__1
INFO: [VRFC 10-311] analyzing module ila_0_ltlib_v1_0_1_cfglut5
INFO: [VRFC 10-311] analyzing module ila_0_ltlib_v1_0_1_cfglut5__1
INFO: [VRFC 10-311] analyzing module ila_0_ltlib_v1_0_1_cfglut5__2
INFO: [VRFC 10-311] analyzing module ila_0_ltlib_v1_0_1_cfglut6
INFO: [VRFC 10-311] analyzing module ila_0_ltlib_v1_0_1_cfglut6__1
INFO: [VRFC 10-311] analyzing module ila_0_ltlib_v1_0_1_cfglut6__parameterized0
INFO: [VRFC 10-311] analyzing module ila_0_ltlib_v1_0_1_cfglut7
INFO: [VRFC 10-311] analyzing module ila_0_ltlib_v1_0_1_cfglut7__1
INFO: [VRFC 10-311] analyzing module ila_0_ltlib_v1_0_1_generic_memrd
INFO: [VRFC 10-311] analyzing module ila_0_ltlib_v1_0_1_match
INFO: [VRFC 10-311] analyzing module ila_0_ltlib_v1_0_1_match__1
INFO: [VRFC 10-311] analyzing module ila_0_ltlib_v1_0_1_match__parameterized0
INFO: [VRFC 10-311] analyzing module ila_0_ltlib_v1_0_1_match__parameterized0__1
INFO: [VRFC 10-311] analyzing module ila_0_ltlib_v1_0_1_match__parameterized1
INFO: [VRFC 10-311] analyzing module ila_0_ltlib_v1_0_1_match__parameterized1__1
INFO: [VRFC 10-311] analyzing module ila_0_ltlib_v1_0_1_match_nodelay
INFO: [VRFC 10-311] analyzing module ila_0_ltlib_v1_0_1_match_nodelay__1
INFO: [VRFC 10-311] analyzing module ila_0_ltlib_v1_0_1_match_nodelay__2
INFO: [VRFC 10-311] analyzing module ila_0_ltlib_v1_0_1_rising_edge_detection
INFO: [VRFC 10-311] analyzing module ila_0_ltlib_v1_0_1_rising_edge_detection__1
INFO: [VRFC 10-311] analyzing module ila_0_xsdbs_v1_0_3_reg__parameterized15
INFO: [VRFC 10-311] analyzing module ila_0_xsdbs_v1_0_3_reg__parameterized16
INFO: [VRFC 10-311] analyzing module ila_0_xsdbs_v1_0_3_reg__parameterized17
INFO: [VRFC 10-311] analyzing module ila_0_xsdbs_v1_0_3_reg__parameterized18
INFO: [VRFC 10-311] analyzing module ila_0_xsdbs_v1_0_3_reg__parameterized30
INFO: [VRFC 10-311] analyzing module ila_0_xsdbs_v1_0_3_reg__parameterized31
INFO: [VRFC 10-311] analyzing module ila_0_xsdbs_v1_0_3_reg__parameterized32
INFO: [VRFC 10-311] analyzing module ila_0_xsdbs_v1_0_3_reg__parameterized33
INFO: [VRFC 10-311] analyzing module ila_0_xsdbs_v1_0_3_reg__parameterized34
INFO: [VRFC 10-311] analyzing module ila_0_xsdbs_v1_0_3_reg__parameterized35
INFO: [VRFC 10-311] analyzing module ila_0_xsdbs_v1_0_3_reg__parameterized36
INFO: [VRFC 10-311] analyzing module ila_0_xsdbs_v1_0_3_reg__parameterized37
INFO: [VRFC 10-311] analyzing module ila_0_xsdbs_v1_0_3_reg__parameterized38
INFO: [VRFC 10-311] analyzing module ila_0_xsdbs_v1_0_3_reg__parameterized39
INFO: [VRFC 10-311] analyzing module ila_0_xsdbs_v1_0_3_reg__parameterized40
INFO: [VRFC 10-311] analyzing module ila_0_xsdbs_v1_0_3_reg__parameterized41
INFO: [VRFC 10-311] analyzing module ila_0_xsdbs_v1_0_3_reg__parameterized43
INFO: [VRFC 10-311] analyzing module ila_0_xsdbs_v1_0_3_reg__parameterized45
INFO: [VRFC 10-311] analyzing module ila_0_xsdbs_v1_0_3_reg__parameterized48
INFO: [VRFC 10-311] analyzing module ila_0_xsdbs_v1_0_3_reg_ctl
INFO: [VRFC 10-311] analyzing module ila_0_xsdbs_v1_0_3_reg_ctl_16
INFO: [VRFC 10-311] analyzing module ila_0_xsdbs_v1_0_3_reg_ctl_17
INFO: [VRFC 10-311] analyzing module ila_0_xsdbs_v1_0_3_reg_ctl_18
INFO: [VRFC 10-311] analyzing module ila_0_xsdbs_v1_0_3_reg_ctl_19
INFO: [VRFC 10-311] analyzing module ila_0_xsdbs_v1_0_3_reg_ctl_22
INFO: [VRFC 10-311] analyzing module ila_0_xsdbs_v1_0_3_reg_ctl_23
INFO: [VRFC 10-311] analyzing module ila_0_xsdbs_v1_0_3_reg_ctl_24
INFO: [VRFC 10-311] analyzing module ila_0_xsdbs_v1_0_3_reg_ctl_25
INFO: [VRFC 10-311] analyzing module ila_0_xsdbs_v1_0_3_reg_ctl_26
INFO: [VRFC 10-311] analyzing module ila_0_xsdbs_v1_0_3_reg_ctl_29
INFO: [VRFC 10-311] analyzing module ila_0_xsdbs_v1_0_3_reg_ctl__parameterized0
INFO: [VRFC 10-311] analyzing module ila_0_xsdbs_v1_0_3_reg_ctl__parameterized1
INFO: [VRFC 10-311] analyzing module ila_0_xsdbs_v1_0_3_reg_ctl__parameterized1_20
INFO: [VRFC 10-311] analyzing module ila_0_xsdbs_v1_0_3_reg_ctl__parameterized1_21
INFO: [VRFC 10-311] analyzing module ila_0_xsdbs_v1_0_3_reg_p2s
INFO: [VRFC 10-311] analyzing module ila_0_xsdbs_v1_0_3_reg_p2s__parameterized0
INFO: [VRFC 10-311] analyzing module ila_0_xsdbs_v1_0_3_reg_p2s__parameterized1
INFO: [VRFC 10-311] analyzing module ila_0_xsdbs_v1_0_3_reg_p2s__parameterized2
INFO: [VRFC 10-311] analyzing module ila_0_xsdbs_v1_0_3_reg_p2s__parameterized3
INFO: [VRFC 10-311] analyzing module ila_0_xsdbs_v1_0_3_reg_p2s__parameterized4
INFO: [VRFC 10-311] analyzing module ila_0_xsdbs_v1_0_3_reg_p2s__parameterized5
INFO: [VRFC 10-311] analyzing module ila_0_xsdbs_v1_0_3_reg_stat
INFO: [VRFC 10-311] analyzing module ila_0_xsdbs_v1_0_3_reg_stat_13
INFO: [VRFC 10-311] analyzing module ila_0_xsdbs_v1_0_3_reg_stat_14
INFO: [VRFC 10-311] analyzing module ila_0_xsdbs_v1_0_3_reg_stat_15
INFO: [VRFC 10-311] analyzing module ila_0_xsdbs_v1_0_3_reg_stat_27
INFO: [VRFC 10-311] analyzing module ila_0_xsdbs_v1_0_3_reg_stat_28
INFO: [VRFC 10-311] analyzing module ila_0_xsdbs_v1_0_3_reg_stream
INFO: [VRFC 10-311] analyzing module ila_0_xsdbs_v1_0_3_reg_stream__parameterized0
INFO: [VRFC 10-311] analyzing module ila_0_xsdbs_v1_0_3_xsdbs
INFO: [VRFC 10-311] analyzing module ila_0_blk_mem_gen_v8_4_7
INFO: [VRFC 10-311] analyzing module ila_0_blk_mem_gen_v8_4_7_blk_mem_gen_generic_cstr
INFO: [VRFC 10-311] analyzing module ila_0_blk_mem_gen_v8_4_7_blk_mem_gen_prim_width
INFO: [VRFC 10-311] analyzing module ila_0_blk_mem_gen_v8_4_7_blk_mem_gen_prim_wrapper
INFO: [VRFC 10-311] analyzing module ila_0_blk_mem_gen_v8_4_7_blk_mem_gen_top
INFO: [VRFC 10-311] analyzing module ila_0_blk_mem_gen_v8_4_7_synth
INFO: [VRFC 10-311] analyzing module glbl
INFO: [VRFC 10-2263] Analyzing Verilog file "A:/Masters_VT/Lab/Hicks/Fast_adder_4/Fast_adder_4.srcs/sim_1/new/top_tb.v" into library xil_defaultlib
INFO: [VRFC 10-311] analyzing module top_tb
