
*** Running vivado
    with args -log top.vds -m64 -product Vivado -mode batch -messageDb vivado.pb -notrace -source top.tcl



****** Vivado v2023.2 (64-bit)
  **** SW Build 4029153 on Fri Oct 13 20:14:34 MDT 2023
  **** IP Build 4028589 on Sat Oct 14 00:45:43 MDT 2023
  **** SharedData Build 4025554 on Tue Oct 10 17:18:54 MDT 2023
    ** Copyright 1986-2022 Xilinx, Inc. All Rights Reserved.
    ** Copyright 2022-2023 Advanced Micro Devices, Inc. All Rights Reserved.

source top.tcl -notrace
create_project: Time (s): cpu = 00:00:03 ; elapsed = 00:00:06 . Memory (MB): peak = 621.301 ; gain = 219.613
Command: read_checkpoint -auto_incremental -incremental A:/Masters_VT/Lab/Hicks/Fast_adder_4/Fast_adder_4.srcs/utils_1/imports/synth_1/top.dcp
INFO: [Vivado 12-5825] Read reference checkpoint from A:/Masters_VT/Lab/Hicks/Fast_adder_4/Fast_adder_4.srcs/utils_1/imports/synth_1/top.dcp for incremental synthesis
INFO: [Vivado 12-7989] Please ensure there are no constraint changes
Command: synth_design -top top -part xc7a100tcsg324-1
Starting synth_design
Attempting to get a license for feature 'Synthesis' and/or device 'xc7a100t'
INFO: [Common 17-349] Got license for feature 'Synthesis' and/or device 'xc7a100t'
INFO: [Device 21-403] Loading part xc7a100tcsg324-1
INFO: [Designutils 20-5440] No compile time benefit to using incremental synthesis; A full resynthesis will be run
INFO: [Designutils 20-4379] Flow is switching to default flow due to incremental criteria not met. If you would like to alter this behaviour and have the flow terminate instead, please set the following parameter config_implementation {autoIncr.Synth.RejectBehavior Terminate}
INFO: [Synth 8-7079] Multithreading enabled for synth_design using a maximum of 2 processes.
INFO: [Synth 8-7078] Launching helper process for spawning children vivado processes
INFO: [Synth 8-7075] Helper process launched with PID 30308
---------------------------------------------------------------------------------
Starting RTL Elaboration : Time (s): cpu = 00:00:02 ; elapsed = 00:00:03 . Memory (MB): peak = 1499.570 ; gain = 441.316
---------------------------------------------------------------------------------
INFO: [Synth 8-6157] synthesizing module 'top' [A:/Masters_VT/Lab/Hicks/Fast_adder_4/Fast_adder_4.srcs/sources_1/new/top.v:3]
INFO: [Synth 8-6157] synthesizing module 'BUF' [C:/Xilinx/Vivado/2023.2/scripts/rt/data/unisim_comp.v:1897]
INFO: [Synth 8-6155] done synthesizing module 'BUF' (0#1) [C:/Xilinx/Vivado/2023.2/scripts/rt/data/unisim_comp.v:1897]
INFO: [Synth 8-6157] synthesizing module 'CARRY4' [C:/Xilinx/Vivado/2023.2/scripts/rt/data/unisim_comp.v:2366]
INFO: [Synth 8-6155] done synthesizing module 'CARRY4' (0#1) [C:/Xilinx/Vivado/2023.2/scripts/rt/data/unisim_comp.v:2366]
INFO: [Synth 8-6157] synthesizing module 'debouncer' [A:/Masters_VT/Lab/Hicks/Fast_adder_4/Fast_adder_4.srcs/sources_1/imports/TDC2/debouncer.v:3]
INFO: [Synth 8-6155] done synthesizing module 'debouncer' (0#1) [A:/Masters_VT/Lab/Hicks/Fast_adder_4/Fast_adder_4.srcs/sources_1/imports/TDC2/debouncer.v:3]
WARNING: [Synth 8-4446] all outputs are unconnected for this instance and logic may be removed [A:/Masters_VT/Lab/Hicks/Fast_adder_4/Fast_adder_4.srcs/sources_1/new/top.v:88]
INFO: [Synth 8-6157] synthesizing module 'ila_0' [A:/Masters_VT/Lab/Hicks/Fast_adder_4/Fast_adder_4.runs/synth_1/.Xil/Vivado-31592-KratX/realtime/ila_0_stub.v:6]
INFO: [Synth 8-6155] done synthesizing module 'ila_0' (0#1) [A:/Masters_VT/Lab/Hicks/Fast_adder_4/Fast_adder_4.runs/synth_1/.Xil/Vivado-31592-KratX/realtime/ila_0_stub.v:6]
INFO: [Synth 8-6155] done synthesizing module 'top' (0#1) [A:/Masters_VT/Lab/Hicks/Fast_adder_4/Fast_adder_4.srcs/sources_1/new/top.v:3]
INFO: [Synth 8-6071] Mark debug on the nets applies keep_hierarchy on instance 'ILA'. This will prevent further optimization [A:/Masters_VT/Lab/Hicks/Fast_adder_4/Fast_adder_4.srcs/sources_1/new/top.v:88]
---------------------------------------------------------------------------------
Finished RTL Elaboration : Time (s): cpu = 00:00:02 ; elapsed = 00:00:04 . Memory (MB): peak = 1610.234 ; gain = 551.980
---------------------------------------------------------------------------------
---------------------------------------------------------------------------------
Start Handling Custom Attributes
---------------------------------------------------------------------------------
---------------------------------------------------------------------------------
Finished Handling Custom Attributes : Time (s): cpu = 00:00:02 ; elapsed = 00:00:04 . Memory (MB): peak = 1610.234 ; gain = 551.980
---------------------------------------------------------------------------------
---------------------------------------------------------------------------------
Finished RTL Optimization Phase 1 : Time (s): cpu = 00:00:02 ; elapsed = 00:00:04 . Memory (MB): peak = 1610.234 ; gain = 551.980
---------------------------------------------------------------------------------
Netlist sorting complete. Time (s): cpu = 00:00:00 ; elapsed = 00:00:00.004 . Memory (MB): peak = 1610.234 ; gain = 0.000
INFO: [Netlist 29-17] Analyzing 90 Unisim elements for replacement
INFO: [Netlist 29-28] Unisim Transformation completed in 0 CPU seconds
INFO: [Project 1-570] Preparing netlist for logic optimization

Processing XDC Constraints
Initializing timing engine
Parsing XDC File [a:/Masters_VT/Lab/Hicks/Fast_adder_4/Fast_adder_4.gen/sources_1/ip/ila_0/ila_0/ila_0_in_context.xdc] for cell 'ILA'
Finished Parsing XDC File [a:/Masters_VT/Lab/Hicks/Fast_adder_4/Fast_adder_4.gen/sources_1/ip/ila_0/ila_0/ila_0_in_context.xdc] for cell 'ILA'
Parsing XDC File [A:/Masters_VT/Lab/Hicks/Fast_adder_4/Fast_adder_4.srcs/constrs_1/imports/digilent-xdc-master/Arty-A7-100-Master.xdc]
Finished Parsing XDC File [A:/Masters_VT/Lab/Hicks/Fast_adder_4/Fast_adder_4.srcs/constrs_1/imports/digilent-xdc-master/Arty-A7-100-Master.xdc]
INFO: [Project 1-236] Implementation specific constraints were found while reading constraint file [A:/Masters_VT/Lab/Hicks/Fast_adder_4/Fast_adder_4.srcs/constrs_1/imports/digilent-xdc-master/Arty-A7-100-Master.xdc]. These constraints will be ignored for synthesis but will be used in implementation. Impacted constraints are listed in the file [.Xil/top_propImpl.xdc].
Resolution: To avoid this warning, move constraints listed in [.Xil/top_propImpl.xdc] to another XDC file and exclude this new file from synthesis with the used_in_synthesis property (File Properties dialog in GUI) and re-run elaboration/synthesis.
Completed Processing XDC Constraints

Netlist sorting complete. Time (s): cpu = 00:00:00 ; elapsed = 00:00:00 . Memory (MB): peak = 1708.020 ; gain = 0.000
INFO: [Project 1-111] Unisim Transformation Summary:
  A total of 10 instances were transformed.
  BUF => LUT1: 10 instances

The system cannot find the path specified.
Constraint Validation Runtime : Time (s): cpu = 00:00:00 ; elapsed = 00:00:00.004 . Memory (MB): peak = 1708.020 ; gain = 0.000
INFO: [Designutils 20-5440] No compile time benefit to using incremental synthesis; A full resynthesis will be run
INFO: [Designutils 20-4379] Flow is switching to default flow due to incremental criteria not met. If you would like to alter this behaviour and have the flow terminate instead, please set the following parameter config_implementation {autoIncr.Synth.RejectBehavior Terminate}
---------------------------------------------------------------------------------
Finished Constraint Validation : Time (s): cpu = 00:00:04 ; elapsed = 00:00:09 . Memory (MB): peak = 1708.020 ; gain = 649.766
---------------------------------------------------------------------------------
---------------------------------------------------------------------------------
Start Loading Part and Timing Information
---------------------------------------------------------------------------------
Loading part: xc7a100tcsg324-1
---------------------------------------------------------------------------------
Finished Loading Part and Timing Information : Time (s): cpu = 00:00:04 ; elapsed = 00:00:09 . Memory (MB): peak = 1708.020 ; gain = 649.766
---------------------------------------------------------------------------------
---------------------------------------------------------------------------------
Start Applying 'set_property' XDC Constraints
---------------------------------------------------------------------------------
Applied set_property KEEP_HIERARCHY = SOFT for ILA. (constraint file  auto generated constraint).
---------------------------------------------------------------------------------
Finished applying 'set_property' XDC Constraints : Time (s): cpu = 00:00:04 ; elapsed = 00:00:09 . Memory (MB): peak = 1708.020 ; gain = 649.766
---------------------------------------------------------------------------------
---------------------------------------------------------------------------------
Finished RTL Optimization Phase 2 : Time (s): cpu = 00:00:04 ; elapsed = 00:00:10 . Memory (MB): peak = 1708.020 ; gain = 649.766
---------------------------------------------------------------------------------
---------------------------------------------------------------------------------
Start RTL Component Statistics 
---------------------------------------------------------------------------------
Detailed RTL Component Info : 
+---Registers : 
	              320 Bit    Registers := 1     
	                8 Bit    Registers := 2     
	                1 Bit    Registers := 1     
+---Muxes : 
	   4 Input    8 Bit        Muxes := 1     
	   2 Input    1 Bit        Muxes := 1     
---------------------------------------------------------------------------------
Finished RTL Component Statistics 
---------------------------------------------------------------------------------
---------------------------------------------------------------------------------
Start Part Resource Summary
---------------------------------------------------------------------------------
Part Resources:
DSPs: 240 (col length:80)
BRAMs: 270 (col length: RAMB18 80 RAMB36 40)
---------------------------------------------------------------------------------
Finished Part Resource Summary
---------------------------------------------------------------------------------
---------------------------------------------------------------------------------
Start Cross Boundary and Area Optimization
---------------------------------------------------------------------------------
WARNING: [Synth 8-7080] Parallel synthesis criteria is not met
---------------------------------------------------------------------------------
Finished Cross Boundary and Area Optimization : Time (s): cpu = 00:00:05 ; elapsed = 00:00:11 . Memory (MB): peak = 1708.020 ; gain = 649.766
---------------------------------------------------------------------------------
---------------------------------------------------------------------------------
Start Applying XDC Timing Constraints
---------------------------------------------------------------------------------
---------------------------------------------------------------------------------
Finished Applying XDC Timing Constraints : Time (s): cpu = 00:00:06 ; elapsed = 00:00:14 . Memory (MB): peak = 1708.020 ; gain = 649.766
---------------------------------------------------------------------------------
---------------------------------------------------------------------------------
Start Timing Optimization
---------------------------------------------------------------------------------
---------------------------------------------------------------------------------
Finished Timing Optimization : Time (s): cpu = 00:00:06 ; elapsed = 00:00:14 . Memory (MB): peak = 1708.020 ; gain = 649.766
---------------------------------------------------------------------------------
---------------------------------------------------------------------------------
Start Technology Mapping
---------------------------------------------------------------------------------
---------------------------------------------------------------------------------
Finished Technology Mapping : Time (s): cpu = 00:00:06 ; elapsed = 00:00:14 . Memory (MB): peak = 1708.020 ; gain = 649.766
---------------------------------------------------------------------------------
---------------------------------------------------------------------------------
Start IO Insertion
---------------------------------------------------------------------------------
---------------------------------------------------------------------------------
Start Flattening Before IO Insertion
---------------------------------------------------------------------------------
---------------------------------------------------------------------------------
Finished Flattening Before IO Insertion
---------------------------------------------------------------------------------
---------------------------------------------------------------------------------
Start Final Netlist Cleanup
---------------------------------------------------------------------------------
---------------------------------------------------------------------------------
Finished Final Netlist Cleanup
---------------------------------------------------------------------------------
WARNING: [Synth 8-5396] Clock pin C has keep related attribute (keep/mark_debug/dont_touch) which could create extra logic on its net [A:/Masters_VT/Lab/Hicks/Fast_adder_4/Fast_adder_4.srcs/sources_1/new/top.v:75]
---------------------------------------------------------------------------------
Finished IO Insertion : Time (s): cpu = 00:00:07 ; elapsed = 00:00:17 . Memory (MB): peak = 1708.020 ; gain = 649.766
---------------------------------------------------------------------------------
---------------------------------------------------------------------------------
Start Renaming Generated Instances
---------------------------------------------------------------------------------
---------------------------------------------------------------------------------
Finished Renaming Generated Instances : Time (s): cpu = 00:00:07 ; elapsed = 00:00:17 . Memory (MB): peak = 1708.020 ; gain = 649.766
---------------------------------------------------------------------------------
---------------------------------------------------------------------------------
Start Rebuilding User Hierarchy
---------------------------------------------------------------------------------
---------------------------------------------------------------------------------
Finished Rebuilding User Hierarchy : Time (s): cpu = 00:00:08 ; elapsed = 00:00:17 . Memory (MB): peak = 1708.020 ; gain = 649.766
---------------------------------------------------------------------------------
---------------------------------------------------------------------------------
Start Renaming Generated Ports
---------------------------------------------------------------------------------
---------------------------------------------------------------------------------
Finished Renaming Generated Ports : Time (s): cpu = 00:00:08 ; elapsed = 00:00:17 . Memory (MB): peak = 1708.020 ; gain = 649.766
---------------------------------------------------------------------------------
---------------------------------------------------------------------------------
Start Handling Custom Attributes
---------------------------------------------------------------------------------
---------------------------------------------------------------------------------
Finished Handling Custom Attributes : Time (s): cpu = 00:00:08 ; elapsed = 00:00:17 . Memory (MB): peak = 1708.020 ; gain = 649.766
---------------------------------------------------------------------------------
---------------------------------------------------------------------------------
Start Renaming Generated Nets
---------------------------------------------------------------------------------
---------------------------------------------------------------------------------
Finished Renaming Generated Nets : Time (s): cpu = 00:00:08 ; elapsed = 00:00:17 . Memory (MB): peak = 1708.020 ; gain = 649.766
---------------------------------------------------------------------------------
---------------------------------------------------------------------------------
Start Writing Synthesis Report
---------------------------------------------------------------------------------

Report BlackBoxes: 
+------+--------------+----------+
|      |BlackBox name |Instances |
+------+--------------+----------+
|1     |ila_0         |         1|
+------+--------------+----------+

Report Cell Usage: 
+------+-------+------+
|      |Cell   |Count |
+------+-------+------+
|1     |ila    |     1|
|2     |BUF    |    10|
|3     |BUFG   |     1|
|4     |CARRY4 |    80|
|5     |LUT4   |     1|
|6     |LUT5   |     1|
|7     |LUT6   |     9|
|8     |FDRE   |   337|
|9     |IBUF   |     4|
|10    |OBUF   |     8|
+------+-------+------+
---------------------------------------------------------------------------------
Finished Writing Synthesis Report : Time (s): cpu = 00:00:08 ; elapsed = 00:00:17 . Memory (MB): peak = 1708.020 ; gain = 649.766
---------------------------------------------------------------------------------
Synthesis finished with 0 errors, 0 critical warnings and 2 warnings.
Synthesis Optimization Runtime : Time (s): cpu = 00:00:05 ; elapsed = 00:00:16 . Memory (MB): peak = 1708.020 ; gain = 551.980
Synthesis Optimization Complete : Time (s): cpu = 00:00:08 ; elapsed = 00:00:17 . Memory (MB): peak = 1708.020 ; gain = 649.766
INFO: [Project 1-571] Translating synthesized netlist
Netlist sorting complete. Time (s): cpu = 00:00:00 ; elapsed = 00:00:00.004 . Memory (MB): peak = 1708.020 ; gain = 0.000
INFO: [Netlist 29-17] Analyzing 90 Unisim elements for replacement
INFO: [Netlist 29-28] Unisim Transformation completed in 0 CPU seconds
INFO: [Project 1-570] Preparing netlist for logic optimization
INFO: [Opt 31-138] Pushed 0 inverter(s) to 0 load pin(s).
Netlist sorting complete. Time (s): cpu = 00:00:00 ; elapsed = 00:00:00 . Memory (MB): peak = 1708.020 ; gain = 0.000
INFO: [Project 1-111] Unisim Transformation Summary:
  A total of 10 instances were transformed.
  BUF => LUT1: 10 instances

The system cannot find the path specified.
Synth Design complete | Checksum: 28147fb4
INFO: [Common 17-83] Releasing license: Synthesis
34 Infos, 3 Warnings, 0 Critical Warnings and 0 Errors encountered.
synth_design completed successfully
synth_design: Time (s): cpu = 00:00:09 ; elapsed = 00:00:20 . Memory (MB): peak = 1708.020 ; gain = 1047.004
Write ShapeDB Complete: Time (s): cpu = 00:00:00 ; elapsed = 00:00:00.001 . Memory (MB): peak = 1708.020 ; gain = 0.000
INFO: [Common 17-1381] The checkpoint 'A:/Masters_VT/Lab/Hicks/Fast_adder_4/Fast_adder_4.runs/synth_1/top.dcp' has been generated.
INFO: [runtcl-4] Executing : report_utilization -file top_utilization_synth.rpt -pb top_utilization_synth.pb
INFO: [Common 17-206] Exiting Vivado at Tue Aug 20 19:29:33 2024...
