INFO: [VRFC 10-2263] Analyzing Verilog file "A:/Masters_VT/Lab/Hicks/TDC2/TDCv3/TDCv3.sim/sim_1/impl/timing/xsim/tdc_tb_time_impl.v" into library xil_defaultlib
INFO: [VRFC 10-311] analyzing module RAM32M_UNIQ_BASE_
INFO: [VRFC 10-311] analyzing module RAM32M_HD368
INFO: [VRFC 10-311] analyzing module RAM32M_HD369
INFO: [VRFC 10-311] analyzing module RAM32M_HD370
INFO: [VRFC 10-311] analyzing module RAM32M_HD371
INFO: [VRFC 10-311] analyzing module RAM32M_HD372
INFO: [VRFC 10-311] analyzing module clk_x_pntrs
INFO: [VRFC 10-311] analyzing module clk_x_pntrs_7
INFO: [VRFC 10-311] analyzing module dbg_hub
INFO: [VRFC 10-311] analyzing module dmem
INFO: [VRFC 10-311] analyzing module dmem_13
INFO: [VRFC 10-311] analyzing module fifo_generator_ramfifo
INFO: [VRFC 10-311] analyzing module fifo_generator_ramfifo__parameterized0
INFO: [VRFC 10-311] analyzing module fifo_generator_top
INFO: [VRFC 10-311] analyzing module fifo_generator_top__parameterized0
INFO: [VRFC 10-311] analyzing module fifo_generator_v13_1_5
INFO: [VRFC 10-311] analyzing module fifo_generator_v13_1_5__parameterized0
INFO: [VRFC 10-311] analyzing module fifo_generator_v13_1_5_synth
INFO: [VRFC 10-311] analyzing module fifo_generator_v13_1_5_synth__parameterized0
INFO: [VRFC 10-311] analyzing module ltlib_v1_0_1_bscan
INFO: [VRFC 10-311] analyzing module ltlib_v1_0_1_generic_mux
INFO: [VRFC 10-311] analyzing module memory
INFO: [VRFC 10-311] analyzing module memory__parameterized0
INFO: [VRFC 10-311] analyzing module rd_bin_cntr
INFO: [VRFC 10-311] analyzing module rd_bin_cntr_18
INFO: [VRFC 10-311] analyzing module rd_fwft
INFO: [VRFC 10-311] analyzing module rd_handshaking_flags
INFO: [VRFC 10-311] analyzing module rd_handshaking_flags__parameterized0
INFO: [VRFC 10-311] analyzing module rd_logic
INFO: [VRFC 10-311] analyzing module rd_logic__parameterized0
INFO: [VRFC 10-311] analyzing module rd_status_flags_as
INFO: [VRFC 10-311] analyzing module rd_status_flags_as_17
INFO: [VRFC 10-311] analyzing module reset_blk_ramfifo
INFO: [VRFC 10-311] analyzing module reset_blk_ramfifo_8
INFO: [VRFC 10-311] analyzing module synchronizer_ff
INFO: [VRFC 10-311] analyzing module synchronizer_ff_1
INFO: [VRFC 10-311] analyzing module synchronizer_ff_10
INFO: [VRFC 10-311] analyzing module synchronizer_ff_11
INFO: [VRFC 10-311] analyzing module synchronizer_ff_12
INFO: [VRFC 10-311] analyzing module synchronizer_ff_2
INFO: [VRFC 10-311] analyzing module synchronizer_ff_3
INFO: [VRFC 10-311] analyzing module synchronizer_ff_9
INFO: [VRFC 10-311] analyzing module synchronizer_ff__parameterized0
INFO: [VRFC 10-311] analyzing module synchronizer_ff__parameterized0_19
INFO: [VRFC 10-311] analyzing module synchronizer_ff__parameterized0_20
INFO: [VRFC 10-311] analyzing module synchronizer_ff__parameterized0_21
INFO: [VRFC 10-311] analyzing module synchronizer_ff__parameterized0_22
INFO: [VRFC 10-311] analyzing module synchronizer_ff__parameterized0_4
INFO: [VRFC 10-311] analyzing module synchronizer_ff__parameterized0_5
INFO: [VRFC 10-311] analyzing module synchronizer_ff__parameterized0_6
INFO: [VRFC 10-311] analyzing module wr_bin_cntr
INFO: [VRFC 10-311] analyzing module wr_bin_cntr_16
INFO: [VRFC 10-311] analyzing module wr_handshaking_flags
INFO: [VRFC 10-311] analyzing module wr_handshaking_flags_15
INFO: [VRFC 10-311] analyzing module wr_logic
INFO: [VRFC 10-311] analyzing module wr_logic__parameterized0
INFO: [VRFC 10-311] analyzing module wr_status_flags_as
INFO: [VRFC 10-311] analyzing module wr_status_flags_as_14
INFO: [VRFC 10-311] analyzing module xsdbm_v3_0_0_addr_ctl
INFO: [VRFC 10-311] analyzing module xsdbm_v3_0_0_bscan_switch
INFO: [VRFC 10-311] analyzing module xsdbm_v3_0_0_burst_wdlen_ctl
INFO: [VRFC 10-311] analyzing module xsdbm_v3_0_0_bus_ctl
INFO: [VRFC 10-311] analyzing module xsdbm_v3_0_0_bus_ctl_cnt
INFO: [VRFC 10-311] analyzing module xsdbm_v3_0_0_bus_ctl_flg
INFO: [VRFC 10-311] analyzing module xsdbm_v3_0_0_bus_ctl_flg__parameterized0
INFO: [VRFC 10-311] analyzing module xsdbm_v3_0_0_bus_mstr2sl_if
INFO: [VRFC 10-311] analyzing module xsdbm_v3_0_0_cmd_decode
INFO: [VRFC 10-311] analyzing module xsdbm_v3_0_0_ctl_reg
INFO: [VRFC 10-311] analyzing module xsdbm_v3_0_0_ctl_reg__parameterized0
INFO: [VRFC 10-311] analyzing module xsdbm_v3_0_0_ctl_reg__parameterized1
INFO: [VRFC 10-311] analyzing module xsdbm_v3_0_0_ctl_reg__parameterized2
INFO: [VRFC 10-311] analyzing module xsdbm_v3_0_0_icon
INFO: [VRFC 10-311] analyzing module xsdbm_v3_0_0_icon2xsdb
INFO: [VRFC 10-311] analyzing module xsdbm_v3_0_0_if
INFO: [VRFC 10-311] analyzing module xsdbm_v3_0_0_if_static_status
INFO: [VRFC 10-311] analyzing module xsdbm_v3_0_0_rdfifo
INFO: [VRFC 10-311] analyzing module xsdbm_v3_0_0_rdreg
INFO: [VRFC 10-311] analyzing module xsdbm_v3_0_0_stat
INFO: [VRFC 10-311] analyzing module xsdbm_v3_0_0_stat_reg
INFO: [VRFC 10-311] analyzing module xsdbm_v3_0_0_stat_reg__parameterized0
INFO: [VRFC 10-311] analyzing module xsdbm_v3_0_0_stat_reg__parameterized0_0
INFO: [VRFC 10-311] analyzing module xsdbm_v3_0_0_sync
INFO: [VRFC 10-311] analyzing module xsdbm_v3_0_0_wrfifo
INFO: [VRFC 10-311] analyzing module xsdbm_v3_0_0_wrreg
INFO: [VRFC 10-311] analyzing module xsdbm_v3_0_0_xsdbm
INFO: [VRFC 10-311] analyzing module xsdbm_v3_0_0_xsdbm_id
INFO: [VRFC 10-311] analyzing module TDC
INFO: [VRFC 10-311] analyzing module clocks
INFO: [VRFC 10-311] analyzing module debouncer
INFO: [VRFC 10-311] analyzing module debouncer__1
INFO: [VRFC 10-311] analyzing module ila_0
INFO: [VRFC 10-311] analyzing module top_level
INFO: [VRFC 10-311] analyzing module CFGLUT5_UNIQ_BASE_
INFO: [VRFC 10-311] analyzing module CFGLUT5_HD297
INFO: [VRFC 10-311] analyzing module CFGLUT5_HD298
INFO: [VRFC 10-311] analyzing module CFGLUT5_HD299
INFO: [VRFC 10-311] analyzing module CFGLUT5_HD300
INFO: [VRFC 10-311] analyzing module CFGLUT5_HD301
INFO: [VRFC 10-311] analyzing module CFGLUT5_HD302
INFO: [VRFC 10-311] analyzing module CFGLUT5_HD303
INFO: [VRFC 10-311] analyzing module CFGLUT5_HD304
INFO: [VRFC 10-311] analyzing module CFGLUT5_HD305
INFO: [VRFC 10-311] analyzing module CFGLUT5_HD306
INFO: [VRFC 10-311] analyzing module CFGLUT5_HD307
INFO: [VRFC 10-311] analyzing module CFGLUT5_HD308
INFO: [VRFC 10-311] analyzing module CFGLUT5_HD309
INFO: [VRFC 10-311] analyzing module CFGLUT5_HD310
INFO: [VRFC 10-311] analyzing module CFGLUT5_HD311
INFO: [VRFC 10-311] analyzing module CFGLUT5_HD312
INFO: [VRFC 10-311] analyzing module CFGLUT5_HD313
INFO: [VRFC 10-311] analyzing module CFGLUT5_HD314
INFO: [VRFC 10-311] analyzing module CFGLUT5_HD315
INFO: [VRFC 10-311] analyzing module CFGLUT5_HD316
INFO: [VRFC 10-311] analyzing module CFGLUT5_HD317
INFO: [VRFC 10-311] analyzing module CFGLUT5_HD318
INFO: [VRFC 10-311] analyzing module CFGLUT5_HD319
INFO: [VRFC 10-311] analyzing module CFGLUT5_HD320
INFO: [VRFC 10-311] analyzing module CFGLUT5_HD321
INFO: [VRFC 10-311] analyzing module CFGLUT5_HD322
INFO: [VRFC 10-311] analyzing module CFGLUT5_HD323
INFO: [VRFC 10-311] analyzing module CFGLUT5_HD324
INFO: [VRFC 10-311] analyzing module CFGLUT5_HD325
INFO: [VRFC 10-311] analyzing module CFGLUT5_HD326
INFO: [VRFC 10-311] analyzing module CFGLUT5_HD327
INFO: [VRFC 10-311] analyzing module CFGLUT5_HD328
INFO: [VRFC 10-311] analyzing module CFGLUT5_HD329
INFO: [VRFC 10-311] analyzing module CFGLUT5_HD330
INFO: [VRFC 10-311] analyzing module CFGLUT5_HD331
INFO: [VRFC 10-311] analyzing module CFGLUT5_HD332
INFO: [VRFC 10-311] analyzing module CFGLUT5_HD333
INFO: [VRFC 10-311] analyzing module CFGLUT5_HD334
INFO: [VRFC 10-311] analyzing module CFGLUT5_HD335
INFO: [VRFC 10-311] analyzing module CFGLUT5_HD336
INFO: [VRFC 10-311] analyzing module CFGLUT5_HD337
INFO: [VRFC 10-311] analyzing module CFGLUT5_HD338
INFO: [VRFC 10-311] analyzing module CFGLUT5_HD339
INFO: [VRFC 10-311] analyzing module CFGLUT5_HD340
INFO: [VRFC 10-311] analyzing module CFGLUT5_HD341
INFO: [VRFC 10-311] analyzing module CFGLUT5_HD342
INFO: [VRFC 10-311] analyzing module CFGLUT5_HD343
INFO: [VRFC 10-311] analyzing module CFGLUT5_HD344
INFO: [VRFC 10-311] analyzing module CFGLUT5_HD345
INFO: [VRFC 10-311] analyzing module CFGLUT5_HD346
INFO: [VRFC 10-311] analyzing module CFGLUT5_HD347
INFO: [VRFC 10-311] analyzing module CFGLUT5_HD348
INFO: [VRFC 10-311] analyzing module CFGLUT5_HD349
INFO: [VRFC 10-311] analyzing module CFGLUT5_HD350
INFO: [VRFC 10-311] analyzing module CFGLUT5_HD351
INFO: [VRFC 10-311] analyzing module CFGLUT5_HD352
INFO: [VRFC 10-311] analyzing module CFGLUT5_HD353
INFO: [VRFC 10-311] analyzing module CFGLUT5_HD354
INFO: [VRFC 10-311] analyzing module CFGLUT5_HD355
INFO: [VRFC 10-311] analyzing module CFGLUT5_HD356
INFO: [VRFC 10-311] analyzing module CFGLUT5_HD357
INFO: [VRFC 10-311] analyzing module CFGLUT5_HD358
INFO: [VRFC 10-311] analyzing module CFGLUT5_HD359
INFO: [VRFC 10-311] analyzing module CFGLUT5_HD360
INFO: [VRFC 10-311] analyzing module CFGLUT5_HD361
INFO: [VRFC 10-311] analyzing module CFGLUT5_HD362
INFO: [VRFC 10-311] analyzing module CFGLUT5_HD363
INFO: [VRFC 10-311] analyzing module CFGLUT5_HD364
INFO: [VRFC 10-311] analyzing module CFGLUT5_HD365
INFO: [VRFC 10-311] analyzing module CFGLUT5_HD366
INFO: [VRFC 10-311] analyzing module CFGLUT5_HD367
INFO: [VRFC 10-311] analyzing module ila_0_ila_v6_2_14_ila
INFO: [VRFC 10-311] analyzing module ila_0_ila_v6_2_14_ila_cap_addrgen
INFO: [VRFC 10-311] analyzing module ila_0_ila_v6_2_14_ila_cap_ctrl_legacy
INFO: [VRFC 10-311] analyzing module ila_0_ila_v6_2_14_ila_cap_sample_counter
INFO: [VRFC 10-311] analyzing module ila_0_ila_v6_2_14_ila_cap_window_counter
INFO: [VRFC 10-311] analyzing module ila_0_ila_v6_2_14_ila_core
INFO: [VRFC 10-311] analyzing module ila_0_ila_v6_2_14_ila_register
INFO: [VRFC 10-311] analyzing module ila_0_ila_v6_2_14_ila_reset_ctrl
INFO: [VRFC 10-311] analyzing module ila_0_ila_v6_2_14_ila_trace_memory
INFO: [VRFC 10-311] analyzing module ila_0_ila_v6_2_14_ila_trig_match
INFO: [VRFC 10-311] analyzing module ila_0_ila_v6_2_14_ila_trigger
INFO: [VRFC 10-311] analyzing module ila_0_ltlib_v1_0_1_all_typeA
INFO: [VRFC 10-311] analyzing module ila_0_ltlib_v1_0_1_all_typeA_1
INFO: [VRFC 10-311] analyzing module ila_0_ltlib_v1_0_1_all_typeA_15
INFO: [VRFC 10-311] analyzing module ila_0_ltlib_v1_0_1_all_typeA_4
INFO: [VRFC 10-311] analyzing module ila_0_ltlib_v1_0_1_all_typeA__parameterized0
INFO: [VRFC 10-311] analyzing module ila_0_ltlib_v1_0_1_all_typeA__parameterized0_10
INFO: [VRFC 10-311] analyzing module ila_0_ltlib_v1_0_1_all_typeA__parameterized1
INFO: [VRFC 10-311] analyzing module ila_0_ltlib_v1_0_1_all_typeA__parameterized1_35
INFO: [VRFC 10-311] analyzing module ila_0_ltlib_v1_0_1_all_typeA__parameterized1_39
INFO: [VRFC 10-311] analyzing module ila_0_ltlib_v1_0_1_all_typeA_slice
INFO: [VRFC 10-311] analyzing module ila_0_ltlib_v1_0_1_all_typeA_slice_14
INFO: [VRFC 10-311] analyzing module ila_0_ltlib_v1_0_1_all_typeA_slice_16
INFO: [VRFC 10-311] analyzing module ila_0_ltlib_v1_0_1_all_typeA_slice_2
INFO: [VRFC 10-311] analyzing module ila_0_ltlib_v1_0_1_all_typeA_slice_5
INFO: [VRFC 10-311] analyzing module ila_0_ltlib_v1_0_1_all_typeA_slice_8
INFO: [VRFC 10-311] analyzing module ila_0_ltlib_v1_0_1_all_typeA_slice__parameterized0
INFO: [VRFC 10-311] analyzing module ila_0_ltlib_v1_0_1_all_typeA_slice__parameterized0_11
INFO: [VRFC 10-311] analyzing module ila_0_ltlib_v1_0_1_all_typeA_slice__parameterized0_12
INFO: [VRFC 10-311] analyzing module ila_0_ltlib_v1_0_1_all_typeA_slice__parameterized0_13
INFO: [VRFC 10-311] analyzing module ila_0_ltlib_v1_0_1_all_typeA_slice__parameterized0_6
INFO: [VRFC 10-311] analyzing module ila_0_ltlib_v1_0_1_all_typeA_slice__parameterized0_7
INFO: [VRFC 10-311] analyzing module ila_0_ltlib_v1_0_1_all_typeA_slice__parameterized1
INFO: [VRFC 10-311] analyzing module ila_0_ltlib_v1_0_1_all_typeA_slice__parameterized1_36
INFO: [VRFC 10-311] analyzing module ila_0_ltlib_v1_0_1_all_typeA_slice__parameterized1_40
INFO: [VRFC 10-311] analyzing module ila_0_ltlib_v1_0_1_all_typeA_slice__parameterized2
INFO: [VRFC 10-311] analyzing module ila_0_ltlib_v1_0_1_all_typeA_slice__parameterized2_37
INFO: [VRFC 10-311] analyzing module ila_0_ltlib_v1_0_1_all_typeA_slice__parameterized2_41
INFO: [VRFC 10-311] analyzing module ila_0_ltlib_v1_0_1_allx_typeA
INFO: [VRFC 10-311] analyzing module ila_0_ltlib_v1_0_1_allx_typeA__parameterized0
INFO: [VRFC 10-311] analyzing module ila_0_ltlib_v1_0_1_allx_typeA__parameterized0_9
INFO: [VRFC 10-311] analyzing module ila_0_ltlib_v1_0_1_allx_typeA__parameterized1
INFO: [VRFC 10-311] analyzing module ila_0_ltlib_v1_0_1_allx_typeA__parameterized1_0
INFO: [VRFC 10-311] analyzing module ila_0_ltlib_v1_0_1_allx_typeA__parameterized1_3
INFO: [VRFC 10-311] analyzing module ila_0_ltlib_v1_0_1_allx_typeA_nodelay
INFO: [VRFC 10-311] analyzing module ila_0_ltlib_v1_0_1_allx_typeA_nodelay_34
INFO: [VRFC 10-311] analyzing module ila_0_ltlib_v1_0_1_allx_typeA_nodelay_38
INFO: [VRFC 10-311] analyzing module ila_0_ltlib_v1_0_1_async_edge_xfer
INFO: [VRFC 10-311] analyzing module ila_0_ltlib_v1_0_1_async_edge_xfer__1
INFO: [VRFC 10-311] analyzing module ila_0_ltlib_v1_0_1_async_edge_xfer__2
INFO: [VRFC 10-311] analyzing module ila_0_ltlib_v1_0_1_async_edge_xfer__3
INFO: [VRFC 10-311] analyzing module ila_0_ltlib_v1_0_1_cfglut4
INFO: [VRFC 10-311] analyzing module ila_0_ltlib_v1_0_1_cfglut4__1
INFO: [VRFC 10-311] analyzing module ila_0_ltlib_v1_0_1_cfglut5
INFO: [VRFC 10-311] analyzing module ila_0_ltlib_v1_0_1_cfglut5__1
INFO: [VRFC 10-311] analyzing module ila_0_ltlib_v1_0_1_cfglut5__2
INFO: [VRFC 10-311] analyzing module ila_0_ltlib_v1_0_1_cfglut6
INFO: [VRFC 10-311] analyzing module ila_0_ltlib_v1_0_1_cfglut6__1
INFO: [VRFC 10-311] analyzing module ila_0_ltlib_v1_0_1_cfglut6__parameterized0
INFO: [VRFC 10-311] analyzing module ila_0_ltlib_v1_0_1_cfglut7
INFO: [VRFC 10-311] analyzing module ila_0_ltlib_v1_0_1_cfglut7__1
INFO: [VRFC 10-311] analyzing module ila_0_ltlib_v1_0_1_generic_memrd
INFO: [VRFC 10-311] analyzing module ila_0_ltlib_v1_0_1_match
INFO: [VRFC 10-311] analyzing module ila_0_ltlib_v1_0_1_match__parameterized0
INFO: [VRFC 10-311] analyzing module ila_0_ltlib_v1_0_1_match__parameterized0__1
INFO: [VRFC 10-311] analyzing module ila_0_ltlib_v1_0_1_match__parameterized1
INFO: [VRFC 10-311] analyzing module ila_0_ltlib_v1_0_1_match__parameterized1__1
INFO: [VRFC 10-311] analyzing module ila_0_ltlib_v1_0_1_match__parameterized1__2
INFO: [VRFC 10-311] analyzing module ila_0_ltlib_v1_0_1_match_nodelay
INFO: [VRFC 10-311] analyzing module ila_0_ltlib_v1_0_1_match_nodelay__1
INFO: [VRFC 10-311] analyzing module ila_0_ltlib_v1_0_1_match_nodelay__2
INFO: [VRFC 10-311] analyzing module ila_0_ltlib_v1_0_1_rising_edge_detection
INFO: [VRFC 10-311] analyzing module ila_0_ltlib_v1_0_1_rising_edge_detection__1
INFO: [VRFC 10-311] analyzing module ila_0_xsdbs_v1_0_3_reg__parameterized19
INFO: [VRFC 10-311] analyzing module ila_0_xsdbs_v1_0_3_reg__parameterized20
INFO: [VRFC 10-311] analyzing module ila_0_xsdbs_v1_0_3_reg__parameterized21
INFO: [VRFC 10-311] analyzing module ila_0_xsdbs_v1_0_3_reg__parameterized22
INFO: [VRFC 10-311] analyzing module ila_0_xsdbs_v1_0_3_reg__parameterized34
INFO: [VRFC 10-311] analyzing module ila_0_xsdbs_v1_0_3_reg__parameterized35
INFO: [VRFC 10-311] analyzing module ila_0_xsdbs_v1_0_3_reg__parameterized36
INFO: [VRFC 10-311] analyzing module ila_0_xsdbs_v1_0_3_reg__parameterized37
INFO: [VRFC 10-311] analyzing module ila_0_xsdbs_v1_0_3_reg__parameterized38
INFO: [VRFC 10-311] analyzing module ila_0_xsdbs_v1_0_3_reg__parameterized39
INFO: [VRFC 10-311] analyzing module ila_0_xsdbs_v1_0_3_reg__parameterized40
INFO: [VRFC 10-311] analyzing module ila_0_xsdbs_v1_0_3_reg__parameterized41
INFO: [VRFC 10-311] analyzing module ila_0_xsdbs_v1_0_3_reg__parameterized42
INFO: [VRFC 10-311] analyzing module ila_0_xsdbs_v1_0_3_reg__parameterized43
INFO: [VRFC 10-311] analyzing module ila_0_xsdbs_v1_0_3_reg__parameterized44
INFO: [VRFC 10-311] analyzing module ila_0_xsdbs_v1_0_3_reg__parameterized45
INFO: [VRFC 10-311] analyzing module ila_0_xsdbs_v1_0_3_reg__parameterized47
INFO: [VRFC 10-311] analyzing module ila_0_xsdbs_v1_0_3_reg__parameterized49
INFO: [VRFC 10-311] analyzing module ila_0_xsdbs_v1_0_3_reg__parameterized52
INFO: [VRFC 10-311] analyzing module ila_0_xsdbs_v1_0_3_reg_ctl
INFO: [VRFC 10-311] analyzing module ila_0_xsdbs_v1_0_3_reg_ctl_20
INFO: [VRFC 10-311] analyzing module ila_0_xsdbs_v1_0_3_reg_ctl_21
INFO: [VRFC 10-311] analyzing module ila_0_xsdbs_v1_0_3_reg_ctl_22
INFO: [VRFC 10-311] analyzing module ila_0_xsdbs_v1_0_3_reg_ctl_23
INFO: [VRFC 10-311] analyzing module ila_0_xsdbs_v1_0_3_reg_ctl_26
INFO: [VRFC 10-311] analyzing module ila_0_xsdbs_v1_0_3_reg_ctl_27
INFO: [VRFC 10-311] analyzing module ila_0_xsdbs_v1_0_3_reg_ctl_28
INFO: [VRFC 10-311] analyzing module ila_0_xsdbs_v1_0_3_reg_ctl_29
INFO: [VRFC 10-311] analyzing module ila_0_xsdbs_v1_0_3_reg_ctl_30
INFO: [VRFC 10-311] analyzing module ila_0_xsdbs_v1_0_3_reg_ctl_33
INFO: [VRFC 10-311] analyzing module ila_0_xsdbs_v1_0_3_reg_ctl__parameterized0
INFO: [VRFC 10-311] analyzing module ila_0_xsdbs_v1_0_3_reg_ctl__parameterized1
INFO: [VRFC 10-311] analyzing module ila_0_xsdbs_v1_0_3_reg_ctl__parameterized1_24
INFO: [VRFC 10-311] analyzing module ila_0_xsdbs_v1_0_3_reg_ctl__parameterized1_25
INFO: [VRFC 10-311] analyzing module ila_0_xsdbs_v1_0_3_reg_p2s
INFO: [VRFC 10-311] analyzing module ila_0_xsdbs_v1_0_3_reg_p2s__parameterized0
INFO: [VRFC 10-311] analyzing module ila_0_xsdbs_v1_0_3_reg_p2s__parameterized1
INFO: [VRFC 10-311] analyzing module ila_0_xsdbs_v1_0_3_reg_p2s__parameterized2
INFO: [VRFC 10-311] analyzing module ila_0_xsdbs_v1_0_3_reg_p2s__parameterized3
INFO: [VRFC 10-311] analyzing module ila_0_xsdbs_v1_0_3_reg_p2s__parameterized4
INFO: [VRFC 10-311] analyzing module ila_0_xsdbs_v1_0_3_reg_p2s__parameterized5
INFO: [VRFC 10-311] analyzing module ila_0_xsdbs_v1_0_3_reg_stat
INFO: [VRFC 10-311] analyzing module ila_0_xsdbs_v1_0_3_reg_stat_17
INFO: [VRFC 10-311] analyzing module ila_0_xsdbs_v1_0_3_reg_stat_18
INFO: [VRFC 10-311] analyzing module ila_0_xsdbs_v1_0_3_reg_stat_19
INFO: [VRFC 10-311] analyzing module ila_0_xsdbs_v1_0_3_reg_stat_31
INFO: [VRFC 10-311] analyzing module ila_0_xsdbs_v1_0_3_reg_stat_32
INFO: [VRFC 10-311] analyzing module ila_0_xsdbs_v1_0_3_reg_stream
INFO: [VRFC 10-311] analyzing module ila_0_xsdbs_v1_0_3_reg_stream__parameterized0
INFO: [VRFC 10-311] analyzing module ila_0_xsdbs_v1_0_3_xsdbs
INFO: [VRFC 10-311] analyzing module ila_0_blk_mem_gen_v8_4_7
INFO: [VRFC 10-311] analyzing module ila_0_blk_mem_gen_v8_4_7_blk_mem_gen_generic_cstr
INFO: [VRFC 10-311] analyzing module ila_0_blk_mem_gen_v8_4_7_blk_mem_gen_prim_width
INFO: [VRFC 10-311] analyzing module ila_0_blk_mem_gen_v8_4_7_blk_mem_gen_prim_width__parameterized0
INFO: [VRFC 10-311] analyzing module ila_0_blk_mem_gen_v8_4_7_blk_mem_gen_prim_wrapper
INFO: [VRFC 10-311] analyzing module ila_0_blk_mem_gen_v8_4_7_blk_mem_gen_prim_wrapper__parameterized0
INFO: [VRFC 10-311] analyzing module ila_0_blk_mem_gen_v8_4_7_blk_mem_gen_top
INFO: [VRFC 10-311] analyzing module ila_0_blk_mem_gen_v8_4_7_synth
INFO: [VRFC 10-311] analyzing module glbl
INFO: [VRFC 10-2263] Analyzing Verilog file "A:/Masters_VT/Lab/Hicks/TDC2/TDCv3/TDCv3.srcs/sim_1/imports/new/tdc_tb.v" into library xil_defaultlib
INFO: [VRFC 10-311] analyzing module tdc_tb
